{"/mnt/c/TheRest/teacher-api/src/controllers/register/commonStudents.ts": {"path":"/mnt/c/TheRest/teacher-api/src/controllers/register/commonStudents.ts","statementMap":{"0":{"start":{"line":1,"column":0},"end":{"line":1,"column":55}},"1":{"start":{"line":2,"column":0},"end":{"line":2,"column":61}},"2":{"start":{"line":4,"column":33},"end":{"line":39,"column":1}},"3":{"start":{"line":5,"column":60},"end":{"line":5,"column":69}},"4":{"start":{"line":8,"column":2},"end":{"line":10,"column":3}},"5":{"start":{"line":9,"column":4},"end":{"line":9,"column":62}},"6":{"start":{"line":12,"column":2},"end":{"line":38,"column":3}},"7":{"start":{"line":13,"column":33},"end":{"line":13,"column":51}},"8":{"start":{"line":14,"column":26},"end":{"line":14,"column":28}},"9":{"start":{"line":16,"column":4},"end":{"line":21,"column":5}},"10":{"start":{"line":17,"column":28},"end":{"line":17,"column":79}},"11":{"start":{"line":18,"column":6},"end":{"line":20,"column":7}},"12":{"start":{"line":19,"column":8},"end":{"line":19,"column":45}},"13":{"start":{"line":23,"column":4},"end":{"line":25,"column":5}},"14":{"start":{"line":24,"column":6},"end":{"line":24,"column":68}},"15":{"start":{"line":27,"column":38},"end":{"line":27,"column":61}},"16":{"start":{"line":28,"column":27},"end":{"line":28,"column":102}},"17":{"start":{"line":29,"column":26},"end":{"line":29,"column":70}},"18":{"start":{"line":29,"column":56},"end":{"line":29,"column":69}},"19":{"start":{"line":30,"column":4},"end":{"line":32,"column":5}},"20":{"start":{"line":31,"column":6},"end":{"line":31,"column":75}},"21":{"start":{"line":34,"column":4},"end":{"line":34,"column":61}},"22":{"start":{"line":36,"column":4},"end":{"line":36,"column":62}},"23":{"start":{"line":37,"column":4},"end":{"line":37,"column":70}},"24":{"start":{"line":4,"column":13},"end":{"line":4,"column":33}}},"fnMap":{"0":{"name":"(anonymous_0)","decl":{"start":{"line":4,"column":33},"end":{"line":4,"column":38}},"loc":{"start":{"line":4,"column":52},"end":{"line":39,"column":1}}},"1":{"name":"(anonymous_1)","decl":{"start":{"line":29,"column":45},"end":{"line":29,"column":52}},"loc":{"start":{"line":29,"column":56},"end":{"line":29,"column":69}}}},"branchMap":{"0":{"loc":{"start":{"line":8,"column":2},"end":{"line":10,"column":3}},"type":"if","locations":[{"start":{"line":8,"column":2},"end":{"line":10,"column":3}}]},"1":{"loc":{"start":{"line":8,"column":6},"end":{"line":8,"column":83}},"type":"binary-expr","locations":[{"start":{"line":8,"column":6},"end":{"line":8,"column":20}},{"start":{"line":8,"column":24},"end":{"line":8,"column":53}},{"start":{"line":8,"column":57},"end":{"line":8,"column":83}}]},"2":{"loc":{"start":{"line":18,"column":6},"end":{"line":20,"column":7}},"type":"if","locations":[{"start":{"line":18,"column":6},"end":{"line":20,"column":7}}]},"3":{"loc":{"start":{"line":23,"column":4},"end":{"line":25,"column":5}},"type":"if","locations":[{"start":{"line":23,"column":4},"end":{"line":25,"column":5}}]},"4":{"loc":{"start":{"line":30,"column":4},"end":{"line":32,"column":5}},"type":"if","locations":[{"start":{"line":30,"column":4},"end":{"line":32,"column":5}}]}},"s":{"0":4,"1":4,"2":4,"3":8,"4":8,"5":1,"6":7,"7":7,"8":7,"9":7,"10":11,"11":9,"12":6,"13":5,"14":2,"15":3,"16":3,"17":3,"18":2,"19":3,"20":1,"21":2,"22":2,"23":2,"24":4},"f":{"0":8,"1":2},"b":{"0":[1],"1":[8,7,7],"2":[6],"3":[2],"4":[1]}}
,"/mnt/c/TheRest/teacher-api/src/controllers/register/register.ts": {"path":"/mnt/c/TheRest/teacher-api/src/controllers/register/register.ts","statementMap":{"0":{"start":{"line":1,"column":0},"end":{"line":1,"column":61}},"1":{"start":{"line":2,"column":0},"end":{"line":2,"column":55}},"2":{"start":{"line":3,"column":0},"end":{"line":3,"column":55}},"3":{"start":{"line":5,"column":31},"end":{"line":46,"column":1}},"4":{"start":{"line":6,"column":73},"end":{"line":6,"column":81}},"5":{"start":{"line":8,"column":2},"end":{"line":45,"column":3}},"6":{"start":{"line":9,"column":25},"end":{"line":9,"column":43}},"7":{"start":{"line":10,"column":25},"end":{"line":10,"column":43}},"8":{"start":{"line":11,"column":30},"end":{"line":11,"column":53}},"9":{"start":{"line":13,"column":23},"end":{"line":13,"column":68}},"10":{"start":{"line":14,"column":4},"end":{"line":16,"column":5}},"11":{"start":{"line":15,"column":6},"end":{"line":15,"column":68}},"12":{"start":{"line":18,"column":33},"end":{"line":18,"column":35}},"13":{"start":{"line":20,"column":4},"end":{"line":35,"column":5}},"14":{"start":{"line":21,"column":23},"end":{"line":21,"column":73}},"15":{"start":{"line":22,"column":6},"end":{"line":24,"column":7}},"16":{"start":{"line":23,"column":8},"end":{"line":23,"column":79}},"17":{"start":{"line":25,"column":6},"end":{"line":34,"column":7}},"18":{"start":{"line":26,"column":8},"end":{"line":26,"column":107}},"19":{"start":{"line":28,"column":8},"end":{"line":33,"column":9}},"20":{"start":{"line":29,"column":10},"end":{"line":29,"column":117}},"21":{"start":{"line":30,"column":10},"end":{"line":30,"column":54}},"22":{"start":{"line":32,"column":10},"end":{"line":32,"column":22}},"23":{"start":{"line":37,"column":4},"end":{"line":39,"column":5}},"24":{"start":{"line":38,"column":6},"end":{"line":38,"column":105}},"25":{"start":{"line":41,"column":4},"end":{"line":41,"column":34}},"26":{"start":{"line":43,"column":4},"end":{"line":43,"column":56}},"27":{"start":{"line":44,"column":4},"end":{"line":44,"column":70}},"28":{"start":{"line":5,"column":13},"end":{"line":5,"column":31}}},"fnMap":{"0":{"name":"(anonymous_0)","decl":{"start":{"line":5,"column":31},"end":{"line":5,"column":36}},"loc":{"start":{"line":5,"column":50},"end":{"line":46,"column":1}}}},"branchMap":{"0":{"loc":{"start":{"line":14,"column":4},"end":{"line":16,"column":5}},"type":"if","locations":[{"start":{"line":14,"column":4},"end":{"line":16,"column":5}}]},"1":{"loc":{"start":{"line":22,"column":6},"end":{"line":24,"column":7}},"type":"if","locations":[{"start":{"line":22,"column":6},"end":{"line":24,"column":7}}]},"2":{"loc":{"start":{"line":28,"column":8},"end":{"line":33,"column":9}},"type":"if","locations":[{"start":{"line":28,"column":8},"end":{"line":33,"column":9}},{"start":{"line":31,"column":15},"end":{"line":33,"column":9}}]},"3":{"loc":{"start":{"line":37,"column":4},"end":{"line":39,"column":5}},"type":"if","locations":[{"start":{"line":37,"column":4},"end":{"line":39,"column":5}}]}},"s":{"0":4,"1":4,"2":4,"3":4,"4":7,"5":7,"6":7,"7":7,"8":7,"9":7,"10":6,"11":2,"12":4,"13":4,"14":9,"15":9,"16":4,"17":9,"18":9,"19":3,"20":3,"21":3,"22":0,"23":4,"24":1,"25":3,"26":1,"27":1,"28":4},"f":{"0":7},"b":{"0":[2],"1":[4],"2":[3,0],"3":[1]}}
,"/mnt/c/TheRest/teacher-api/src/controllers/register/retrieveForNotifications.ts": {"path":"/mnt/c/TheRest/teacher-api/src/controllers/register/retrieveForNotifications.ts","statementMap":{"0":{"start":{"line":1,"column":0},"end":{"line":1,"column":55}},"1":{"start":{"line":2,"column":0},"end":{"line":2,"column":61}},"2":{"start":{"line":3,"column":0},"end":{"line":3,"column":55}},"3":{"start":{"line":5,"column":40},"end":{"line":59,"column":1}},"4":{"start":{"line":6,"column":143},"end":{"line":6,"column":151}},"5":{"start":{"line":8,"column":2},"end":{"line":10,"column":3}},"6":{"start":{"line":9,"column":4},"end":{"line":9,"column":70}},"7":{"start":{"line":12,"column":2},"end":{"line":58,"column":3}},"8":{"start":{"line":13,"column":25},"end":{"line":13,"column":43}},"9":{"start":{"line":14,"column":20},"end":{"line":14,"column":70}},"10":{"start":{"line":16,"column":4},"end":{"line":18,"column":5}},"11":{"start":{"line":17,"column":6},"end":{"line":17,"column":68}},"12":{"start":{"line":20,"column":30},"end":{"line":20,"column":53}},"13":{"start":{"line":21,"column":21},"end":{"line":21,"column":91}},"14":{"start":{"line":23,"column":25},"end":{"line":23,"column":43}},"15":{"start":{"line":24,"column":36},"end":{"line":24,"column":38}},"16":{"start":{"line":25,"column":36},"end":{"line":25,"column":38}},"17":{"start":{"line":27,"column":4},"end":{"line":34,"column":5}},"18":{"start":{"line":28,"column":22},"end":{"line":28,"column":78}},"19":{"start":{"line":29,"column":6},"end":{"line":33,"column":7}},"20":{"start":{"line":30,"column":8},"end":{"line":30,"column":46}},"21":{"start":{"line":32,"column":8},"end":{"line":32,"column":null}},"22":{"start":{"line":36,"column":40},"end":{"line":41,"column":6}},"23":{"start":{"line":38,"column":35},"end":{"line":38,"column":48}},"24":{"start":{"line":39,"column":50},"end":{"line":39,"column":63}},"25":{"start":{"line":43,"column":4},"end":{"line":45,"column":5}},"26":{"start":{"line":44,"column":6},"end":{"line":44,"column":97}},"27":{"start":{"line":47,"column":4},"end":{"line":52,"column":5}},"28":{"start":{"line":48,"column":6},"end":{"line":51,"column":9}},"29":{"start":{"line":54,"column":4},"end":{"line":54,"column":77}},"30":{"start":{"line":56,"column":4},"end":{"line":56,"column":73}},"31":{"start":{"line":57,"column":4},"end":{"line":57,"column":70}},"32":{"start":{"line":5,"column":13},"end":{"line":5,"column":40}}},"fnMap":{"0":{"name":"(anonymous_0)","decl":{"start":{"line":5,"column":40},"end":{"line":5,"column":45}},"loc":{"start":{"line":5,"column":59},"end":{"line":59,"column":1}}},"1":{"name":"(anonymous_1)","decl":{"start":{"line":38,"column":24},"end":{"line":38,"column":31}},"loc":{"start":{"line":38,"column":35},"end":{"line":38,"column":48}}},"2":{"name":"(anonymous_2)","decl":{"start":{"line":39,"column":39},"end":{"line":39,"column":46}},"loc":{"start":{"line":39,"column":50},"end":{"line":39,"column":63}}}},"branchMap":{"0":{"loc":{"start":{"line":6,"column":47},"end":{"line":6,"column":67}},"type":"default-arg","locations":[{"start":{"line":6,"column":65},"end":{"line":6,"column":67}}]},"1":{"loc":{"start":{"line":8,"column":2},"end":{"line":10,"column":3}},"type":"if","locations":[{"start":{"line":8,"column":2},"end":{"line":10,"column":3}}]},"2":{"loc":{"start":{"line":16,"column":4},"end":{"line":18,"column":5}},"type":"if","locations":[{"start":{"line":16,"column":4},"end":{"line":18,"column":5}}]},"3":{"loc":{"start":{"line":29,"column":6},"end":{"line":33,"column":7}},"type":"if","locations":[{"start":{"line":29,"column":6},"end":{"line":33,"column":7}},{"start":{"line":31,"column":13},"end":{"line":33,"column":7}}]},"4":{"loc":{"start":{"line":43,"column":4},"end":{"line":45,"column":5}},"type":"if","locations":[{"start":{"line":43,"column":4},"end":{"line":45,"column":5}}]},"5":{"loc":{"start":{"line":47,"column":4},"end":{"line":52,"column":5}},"type":"if","locations":[{"start":{"line":47,"column":4},"end":{"line":52,"column":5}}]},"6":{"loc":{"start":{"line":47,"column":8},"end":{"line":47,"column":88}},"type":"binary-expr","locations":[{"start":{"line":47,"column":8},"end":{"line":47,"column":44}},{"start":{"line":47,"column":48},"end":{"line":47,"column":88}}]}},"s":{"0":4,"1":4,"2":4,"3":4,"4":11,"5":11,"6":1,"7":10,"8":10,"9":10,"10":8,"11":2,"12":6,"13":6,"14":6,"15":6,"16":6,"17":6,"18":7,"19":7,"20":4,"21":3,"22":6,"23":5,"24":4,"25":6,"26":2,"27":4,"28":2,"29":2,"30":2,"31":2,"32":4},"f":{"0":11,"1":5,"2":4},"b":{"0":[0],"1":[1],"2":[2],"3":[4,3],"4":[2],"5":[2],"6":[4,2]}}
,"/mnt/c/TheRest/teacher-api/src/controllers/student/suspendStudent.ts": {"path":"/mnt/c/TheRest/teacher-api/src/controllers/student/suspendStudent.ts","statementMap":{"0":{"start":{"line":1,"column":0},"end":{"line":1,"column":55}},"1":{"start":{"line":3,"column":36},"end":{"line":24,"column":1}},"2":{"start":{"line":4,"column":39},"end":{"line":4,"column":47}},"3":{"start":{"line":6,"column":2},"end":{"line":8,"column":3}},"4":{"start":{"line":7,"column":4},"end":{"line":7,"column":62}},"5":{"start":{"line":10,"column":2},"end":{"line":23,"column":3}},"6":{"start":{"line":11,"column":25},"end":{"line":11,"column":43}},"7":{"start":{"line":12,"column":20},"end":{"line":12,"column":63}},"8":{"start":{"line":14,"column":4},"end":{"line":16,"column":5}},"9":{"start":{"line":15,"column":6},"end":{"line":15,"column":68}},"10":{"start":{"line":18,"column":27},"end":{"line":18,"column":108}},"11":{"start":{"line":19,"column":4},"end":{"line":19,"column":34}},"12":{"start":{"line":21,"column":4},"end":{"line":21,"column":70}},"13":{"start":{"line":22,"column":4},"end":{"line":22,"column":70}},"14":{"start":{"line":3,"column":13},"end":{"line":3,"column":36}}},"fnMap":{"0":{"name":"(anonymous_0)","decl":{"start":{"line":3,"column":36},"end":{"line":3,"column":41}},"loc":{"start":{"line":3,"column":55},"end":{"line":24,"column":1}}}},"branchMap":{"0":{"loc":{"start":{"line":6,"column":2},"end":{"line":8,"column":3}},"type":"if","locations":[{"start":{"line":6,"column":2},"end":{"line":8,"column":3}}]},"1":{"loc":{"start":{"line":14,"column":4},"end":{"line":16,"column":5}},"type":"if","locations":[{"start":{"line":14,"column":4},"end":{"line":16,"column":5}}]}},"s":{"0":2,"1":2,"2":5,"3":5,"4":0,"5":5,"6":5,"7":5,"8":4,"9":2,"10":2,"11":2,"12":1,"13":1,"14":2},"f":{"0":5},"b":{"0":[0],"1":[2]}}
,"/mnt/c/TheRest/teacher-api/src/db/db.ts": {"path":"/mnt/c/TheRest/teacher-api/src/db/db.ts","statementMap":{"0":{"start":{"line":1,"column":0},"end":{"line":1,"column":48}},"1":{"start":{"line":2,"column":0},"end":{"line":2,"column":48}},"2":{"start":{"line":3,"column":0},"end":{"line":3,"column":32}},"3":{"start":{"line":5,"column":0},"end":{"line":5,"column":31}},"4":{"start":{"line":7,"column":12},"end":{"line":7,"column":43}},"5":{"start":{"line":8,"column":13},"end":{"line":8,"column":31}}},"fnMap":{},"branchMap":{},"s":{"0":16,"1":16,"2":16,"3":16,"4":16,"5":16},"f":{},"b":{}}
,"/mnt/c/TheRest/teacher-api/src/db/schema.ts": {"path":"/mnt/c/TheRest/teacher-api/src/db/schema.ts","statementMap":{"0":{"start":{"line":1,"column":0},"end":{"line":1,"column":97}},"1":{"start":{"line":2,"column":0},"end":{"line":2,"column":40}},"2":{"start":{"line":4,"column":13},"end":{"line":11,"column":4}},"3":{"start":{"line":6,"column":52},"end":{"line":6,"column":63}},"4":{"start":{"line":7,"column":52},"end":{"line":7,"column":63}},"5":{"start":{"line":9,"column":11},"end":{"line":11,"column":2}},"6":{"start":{"line":13,"column":13},"end":{"line":22,"column":4}},"7":{"start":{"line":13,"column":77},"end":{"line":22,"column":2}},"8":{"start":{"line":24,"column":13},"end":{"line":29,"column":4}},"9":{"start":{"line":27,"column":11},"end":{"line":29,"column":2}},"10":{"start":{"line":31,"column":13},"end":{"line":33,"column":4}},"11":{"start":{"line":31,"column":68},"end":{"line":33,"column":2}},"12":{"start":{"line":35,"column":13},"end":{"line":41,"column":4}},"13":{"start":{"line":39,"column":11},"end":{"line":41,"column":2}},"14":{"start":{"line":43,"column":13},"end":{"line":45,"column":4}},"15":{"start":{"line":43,"column":67},"end":{"line":45,"column":2}}},"fnMap":{"0":{"name":"(anonymous_0)","decl":{"start":{"line":6,"column":46},"end":{"line":6,"column":49}},"loc":{"start":{"line":6,"column":52},"end":{"line":6,"column":63}}},"1":{"name":"(anonymous_1)","decl":{"start":{"line":7,"column":46},"end":{"line":7,"column":49}},"loc":{"start":{"line":7,"column":52},"end":{"line":7,"column":63}}},"2":{"name":"(anonymous_2)","decl":{"start":{"line":9,"column":3},"end":{"line":9,"column":4}},"loc":{"start":{"line":9,"column":11},"end":{"line":11,"column":2}}},"3":{"name":"(anonymous_3)","decl":{"start":{"line":13,"column":63},"end":{"line":13,"column":64}},"loc":{"start":{"line":13,"column":77},"end":{"line":22,"column":2}}},"4":{"name":"(anonymous_4)","decl":{"start":{"line":27,"column":3},"end":{"line":27,"column":4}},"loc":{"start":{"line":27,"column":11},"end":{"line":29,"column":2}}},"5":{"name":"(anonymous_5)","decl":{"start":{"line":31,"column":53},"end":{"line":31,"column":54}},"loc":{"start":{"line":31,"column":68},"end":{"line":33,"column":2}}},"6":{"name":"(anonymous_6)","decl":{"start":{"line":39,"column":3},"end":{"line":39,"column":4}},"loc":{"start":{"line":39,"column":11},"end":{"line":41,"column":2}}},"7":{"name":"(anonymous_7)","decl":{"start":{"line":43,"column":52},"end":{"line":43,"column":53}},"loc":{"start":{"line":43,"column":67},"end":{"line":45,"column":2}}}},"branchMap":{},"s":{"0":16,"1":16,"2":16,"3":0,"4":0,"5":0,"6":16,"7":0,"8":16,"9":0,"10":16,"11":0,"12":16,"13":0,"14":16,"15":0},"f":{"0":0,"1":0,"2":0,"3":0,"4":0,"5":0,"6":0,"7":0},"b":{}}
,"/mnt/c/TheRest/teacher-api/src/middleware/convertToUniqueArray.ts": {"path":"/mnt/c/TheRest/teacher-api/src/middleware/convertToUniqueArray.ts","statementMap":{"0":{"start":{"line":1,"column":29},"end":{"line":7,"column":1}},"1":{"start":{"line":2,"column":2},"end":{"line":4,"column":3}},"2":{"start":{"line":3,"column":4},"end":{"line":3,"column":44}},"3":{"start":{"line":5,"column":2},"end":{"line":5,"column":54}},"4":{"start":{"line":6,"column":2},"end":{"line":6,"column":9}},"5":{"start":{"line":9,"column":0},"end":{"line":9,"column":36}}},"fnMap":{"0":{"name":"(anonymous_0)","decl":{"start":{"line":1,"column":29},"end":{"line":1,"column":30}},"loc":{"start":{"line":1,"column":48},"end":{"line":7,"column":1}}}},"branchMap":{"0":{"loc":{"start":{"line":2,"column":2},"end":{"line":4,"column":3}},"type":"if","locations":[{"start":{"line":2,"column":2},"end":{"line":4,"column":3}}]}},"s":{"0":4,"1":7,"2":4,"3":7,"4":7,"5":4},"f":{"0":7},"b":{"0":[4]}}
,"/mnt/c/TheRest/teacher-api/src/middleware/extractMentions.ts": {"path":"/mnt/c/TheRest/teacher-api/src/middleware/extractMentions.ts","statementMap":{"0":{"start":{"line":1,"column":31},"end":{"line":14,"column":1}},"1":{"start":{"line":2,"column":27},"end":{"line":2,"column":35}},"2":{"start":{"line":4,"column":2},"end":{"line":6,"column":3}},"3":{"start":{"line":5,"column":4},"end":{"line":5,"column":70}},"4":{"start":{"line":8,"column":23},"end":{"line":8,"column":73}},"5":{"start":{"line":9,"column":26},"end":{"line":9,"column":99}},"6":{"start":{"line":9,"column":80},"end":{"line":9,"column":98}},"7":{"start":{"line":11,"column":2},"end":{"line":11,"column":45}},"8":{"start":{"line":13,"column":2},"end":{"line":13,"column":9}},"9":{"start":{"line":1,"column":13},"end":{"line":1,"column":31}}},"fnMap":{"0":{"name":"(anonymous_0)","decl":{"start":{"line":1,"column":31},"end":{"line":1,"column":32}},"loc":{"start":{"line":1,"column":50},"end":{"line":14,"column":1}}},"1":{"name":"(anonymous_1)","decl":{"start":{"line":9,"column":71},"end":{"line":9,"column":76}},"loc":{"start":{"line":9,"column":80},"end":{"line":9,"column":98}}}},"branchMap":{"0":{"loc":{"start":{"line":4,"column":2},"end":{"line":6,"column":3}},"type":"if","locations":[{"start":{"line":4,"column":2},"end":{"line":6,"column":3}}]},"1":{"loc":{"start":{"line":9,"column":27},"end":{"line":9,"column":65}},"type":"binary-expr","locations":[{"start":{"line":9,"column":27},"end":{"line":9,"column":59}},{"start":{"line":9,"column":63},"end":{"line":9,"column":65}}]}},"s":{"0":4,"1":11,"2":11,"3":2,"4":9,"5":9,"6":6,"7":9,"8":9,"9":4},"f":{"0":11,"1":6},"b":{"0":[2],"1":[9,5]}}
,"/mnt/c/TheRest/teacher-api/src/middleware/validateEmailFormat.ts": {"path":"/mnt/c/TheRest/teacher-api/src/middleware/validateEmailFormat.ts","statementMap":{"0":{"start":{"line":1,"column":28},"end":{"line":43,"column":1}},"1":{"start":{"line":1,"column":40},"end":{"line":43,"column":1}},"2":{"start":{"line":2,"column":17},"end":{"line":2,"column":19}},"3":{"start":{"line":4,"column":30},"end":{"line":5,"column":44}},"4":{"start":{"line":5,"column":4},"end":{"line":5,"column":44}},"5":{"start":{"line":7,"column":2},"end":{"line":36,"column":5}},"6":{"start":{"line":8,"column":25},"end":{"line":8,"column":56}},"7":{"start":{"line":10,"column":4},"end":{"line":13,"column":5}},"8":{"start":{"line":11,"column":6},"end":{"line":11,"column":40}},"9":{"start":{"line":12,"column":6},"end":{"line":12,"column":13}},"10":{"start":{"line":15,"column":4},"end":{"line":35,"column":5}},"11":{"start":{"line":16,"column":6},"end":{"line":20,"column":7}},"12":{"start":{"line":17,"column":8},"end":{"line":17,"column":64}},"13":{"start":{"line":18,"column":13},"end":{"line":20,"column":7}},"14":{"start":{"line":19,"column":8},"end":{"line":19,"column":55}},"15":{"start":{"line":21,"column":11},"end":{"line":35,"column":5}},"16":{"start":{"line":22,"column":6},"end":{"line":32,"column":7}},"17":{"start":{"line":23,"column":8},"end":{"line":23,"column":63}},"18":{"start":{"line":24,"column":13},"end":{"line":32,"column":7}},"19":{"start":{"line":25,"column":8},"end":{"line":25,"column":56}},"20":{"start":{"line":27,"column":8},"end":{"line":31,"column":11}},"21":{"start":{"line":28,"column":10},"end":{"line":30,"column":11}},"22":{"start":{"line":29,"column":12},"end":{"line":29,"column":64}},"23":{"start":{"line":34,"column":6},"end":{"line":34,"column":54}},"24":{"start":{"line":38,"column":2},"end":{"line":42,"column":3}},"25":{"start":{"line":39,"column":4},"end":{"line":39,"column":37}},"26":{"start":{"line":41,"column":4},"end":{"line":41,"column":11}},"27":{"start":{"line":45,"column":0},"end":{"line":45,"column":35}}},"fnMap":{"0":{"name":"(anonymous_0)","decl":{"start":{"line":1,"column":28},"end":{"line":1,"column":29}},"loc":{"start":{"line":1,"column":40},"end":{"line":43,"column":1}}},"1":{"name":"(anonymous_1)","decl":{"start":{"line":1,"column":40},"end":{"line":1,"column":41}},"loc":{"start":{"line":1,"column":59},"end":{"line":43,"column":1}}},"2":{"name":"(anonymous_2)","decl":{"start":{"line":4,"column":30},"end":{"line":4,"column":31}},"loc":{"start":{"line":5,"column":4},"end":{"line":5,"column":44}}},"3":{"name":"(anonymous_3)","decl":{"start":{"line":7,"column":33},"end":{"line":7,"column":34}},"loc":{"start":{"line":7,"column":50},"end":{"line":36,"column":3}}},"4":{"name":"(anonymous_4)","decl":{"start":{"line":27,"column":29},"end":{"line":27,"column":30}},"loc":{"start":{"line":27,"column":38},"end":{"line":31,"column":9}}}},"branchMap":{"0":{"loc":{"start":{"line":8,"column":25},"end":{"line":8,"column":56}},"type":"binary-expr","locations":[{"start":{"line":8,"column":25},"end":{"line":8,"column":38}},{"start":{"line":8,"column":42},"end":{"line":8,"column":56}}]},"1":{"loc":{"start":{"line":10,"column":4},"end":{"line":13,"column":5}},"type":"if","locations":[{"start":{"line":10,"column":4},"end":{"line":13,"column":5}}]},"2":{"loc":{"start":{"line":15,"column":4},"end":{"line":35,"column":5}},"type":"if","locations":[{"start":{"line":15,"column":4},"end":{"line":35,"column":5}},{"start":{"line":21,"column":11},"end":{"line":35,"column":5}}]},"3":{"loc":{"start":{"line":16,"column":6},"end":{"line":20,"column":7}},"type":"if","locations":[{"start":{"line":16,"column":6},"end":{"line":20,"column":7}},{"start":{"line":18,"column":13},"end":{"line":20,"column":7}}]},"4":{"loc":{"start":{"line":18,"column":13},"end":{"line":20,"column":7}},"type":"if","locations":[{"start":{"line":18,"column":13},"end":{"line":20,"column":7}}]},"5":{"loc":{"start":{"line":21,"column":11},"end":{"line":35,"column":5}},"type":"if","locations":[{"start":{"line":21,"column":11},"end":{"line":35,"column":5}},{"start":{"line":33,"column":11},"end":{"line":35,"column":5}}]},"6":{"loc":{"start":{"line":22,"column":6},"end":{"line":32,"column":7}},"type":"if","locations":[{"start":{"line":22,"column":6},"end":{"line":32,"column":7}},{"start":{"line":24,"column":13},"end":{"line":32,"column":7}}]},"7":{"loc":{"start":{"line":24,"column":13},"end":{"line":32,"column":7}},"type":"if","locations":[{"start":{"line":24,"column":13},"end":{"line":32,"column":7}},{"start":{"line":26,"column":13},"end":{"line":32,"column":7}}]},"8":{"loc":{"start":{"line":24,"column":17},"end":{"line":24,"column":69}},"type":"binary-expr","locations":[{"start":{"line":24,"column":17},"end":{"line":24,"column":40}},{"start":{"line":24,"column":44},"end":{"line":24,"column":69}}]},"9":{"loc":{"start":{"line":28,"column":10},"end":{"line":30,"column":11}},"type":"if","locations":[{"start":{"line":28,"column":10},"end":{"line":30,"column":11}}]},"10":{"loc":{"start":{"line":38,"column":2},"end":{"line":42,"column":3}},"type":"if","locations":[{"start":{"line":38,"column":2},"end":{"line":42,"column":3}},{"start":{"line":40,"column":9},"end":{"line":42,"column":3}}]}},"s":{"0":5,"1":11,"2":24,"3":24,"4":37,"5":24,"6":41,"7":41,"8":4,"9":4,"10":37,"11":16,"12":0,"13":16,"14":3,"15":21,"16":21,"17":1,"18":20,"19":1,"20":19,"21":21,"22":3,"23":0,"24":24,"25":10,"26":14,"27":5},"f":{"0":11,"1":24,"2":37,"3":41,"4":21},"b":{"0":[41,8],"1":[4],"2":[16,21],"3":[0,16],"4":[3],"5":[21,0],"6":[1,20],"7":[1,19],"8":[20,13],"9":[3],"10":[10,14]}}
,"/mnt/c/TheRest/teacher-api/src/models/Register.ts": {"path":"/mnt/c/TheRest/teacher-api/src/models/Register.ts","statementMap":{"0":{"start":{"line":1,"column":0},"end":{"line":1,"column":33}},"1":{"start":{"line":2,"column":0},"end":{"line":2,"column":113}},"2":{"start":{"line":3,"column":0},"end":{"line":3,"column":47}},"3":{"start":{"line":6,"column":23},"end":{"line":9,"column":3}},"4":{"start":{"line":7,"column":30},"end":{"line":7,"column":85}},"5":{"start":{"line":8,"column":4},"end":{"line":8,"column":27}},"6":{"start":{"line":11,"column":33},"end":{"line":37,"column":3}},"7":{"start":{"line":12,"column":4},"end":{"line":14,"column":5}},"8":{"start":{"line":13,"column":6},"end":{"line":13,"column":16}},"9":{"start":{"line":16,"column":32},"end":{"line":19,"column":58}},"10":{"start":{"line":21,"column":28},"end":{"line":21,"column":88}},"11":{"start":{"line":23,"column":4},"end":{"line":30,"column":7}},"12":{"start":{"line":24,"column":24},"end":{"line":24,"column":42}},"13":{"start":{"line":25,"column":6},"end":{"line":29,"column":7}},"14":{"start":{"line":26,"column":8},"end":{"line":26,"column":51}},"15":{"start":{"line":28,"column":8},"end":{"line":28,"column":79}},"16":{"start":{"line":32,"column":27},"end":{"line":34,"column":34}},"17":{"start":{"line":33,"column":23},"end":{"line":33,"column":56}},"18":{"start":{"line":34,"column":20},"end":{"line":34,"column":33}},"19":{"start":{"line":36,"column":4},"end":{"line":36,"column":26}},"20":{"start":{"line":39,"column":39},"end":{"line":48,"column":3}},"21":{"start":{"line":40,"column":32},"end":{"line":43,"column":88}},"22":{"start":{"line":45,"column":24},"end":{"line":45,"column":74}},"23":{"start":{"line":45,"column":58},"end":{"line":45,"column":73}},"24":{"start":{"line":47,"column":4},"end":{"line":47,"column":23}},"25":{"start":{"line":5,"column":0},"end":{"line":5,"column":13}}},"fnMap":{"0":{"name":"(anonymous_0)","decl":{"start":{"line":6,"column":23},"end":{"line":6,"column":28}},"loc":{"start":{"line":6,"column":87},"end":{"line":9,"column":3}}},"1":{"name":"(anonymous_1)","decl":{"start":{"line":11,"column":33},"end":{"line":11,"column":38}},"loc":{"start":{"line":11,"column":90},"end":{"line":37,"column":3}}},"2":{"name":"(anonymous_2)","decl":{"start":{"line":23,"column":32},"end":{"line":23,"column":38}},"loc":{"start":{"line":23,"column":41},"end":{"line":30,"column":5}}},"3":{"name":"(anonymous_3)","decl":{"start":{"line":33,"column":14},"end":{"line":33,"column":19}},"loc":{"start":{"line":33,"column":23},"end":{"line":33,"column":56}}},"4":{"name":"(anonymous_4)","decl":{"start":{"line":34,"column":11},"end":{"line":34,"column":16}},"loc":{"start":{"line":34,"column":20},"end":{"line":34,"column":33}}},"5":{"name":"(anonymous_5)","decl":{"start":{"line":39,"column":39},"end":{"line":39,"column":44}},"loc":{"start":{"line":39,"column":93},"end":{"line":48,"column":3}}},"6":{"name":"(anonymous_6)","decl":{"start":{"line":45,"column":48},"end":{"line":45,"column":54}},"loc":{"start":{"line":45,"column":58},"end":{"line":45,"column":73}}}},"branchMap":{"0":{"loc":{"start":{"line":12,"column":4},"end":{"line":14,"column":5}},"type":"if","locations":[{"start":{"line":12,"column":4},"end":{"line":14,"column":5}}]},"1":{"loc":{"start":{"line":25,"column":6},"end":{"line":29,"column":7}},"type":"if","locations":[{"start":{"line":25,"column":6},"end":{"line":29,"column":7}},{"start":{"line":27,"column":13},"end":{"line":29,"column":7}}]}},"s":{"0":7,"1":7,"2":7,"3":7,"4":5,"5":2,"6":7,"7":1,"8":0,"9":1,"10":1,"11":1,"12":4,"13":4,"14":1,"15":3,"16":1,"17":3,"18":1,"19":1,"20":7,"21":3,"22":3,"23":4,"24":3,"25":7},"f":{"0":5,"1":1,"2":4,"3":3,"4":1,"5":3,"6":4},"b":{"0":[0],"1":[1,3]}}
,"/mnt/c/TheRest/teacher-api/src/models/Student.ts": {"path":"/mnt/c/TheRest/teacher-api/src/models/Student.ts","statementMap":{"0":{"start":{"line":1,"column":0},"end":{"line":1,"column":33}},"1":{"start":{"line":2,"column":0},"end":{"line":2,"column":73}},"2":{"start":{"line":3,"column":0},"end":{"line":3,"column":38}},"3":{"start":{"line":6,"column":18},"end":{"line":9,"column":3}},"4":{"start":{"line":7,"column":25},"end":{"line":7,"column":75}},"5":{"start":{"line":8,"column":4},"end":{"line":8,"column":22}},"6":{"start":{"line":10,"column":22},"end":{"line":13,"column":3}},"7":{"start":{"line":11,"column":20},"end":{"line":11,"column":94}},"8":{"start":{"line":12,"column":4},"end":{"line":12,"column":50}},"9":{"start":{"line":14,"column":35},"end":{"line":17,"column":3}},"10":{"start":{"line":15,"column":20},"end":{"line":15,"column":130}},"11":{"start":{"line":16,"column":4},"end":{"line":16,"column":50}},"12":{"start":{"line":18,"column":25},"end":{"line":21,"column":3}},"13":{"start":{"line":19,"column":29},"end":{"line":19,"column":109}},"14":{"start":{"line":20,"column":4},"end":{"line":20,"column":34}},"15":{"start":{"line":5,"column":0},"end":{"line":5,"column":13}}},"fnMap":{"0":{"name":"(anonymous_0)","decl":{"start":{"line":6,"column":18},"end":{"line":6,"column":23}},"loc":{"start":{"line":6,"column":72},"end":{"line":9,"column":3}}},"1":{"name":"(anonymous_1)","decl":{"start":{"line":10,"column":22},"end":{"line":10,"column":27}},"loc":{"start":{"line":10,"column":77},"end":{"line":13,"column":3}}},"2":{"name":"(anonymous_2)","decl":{"start":{"line":14,"column":35},"end":{"line":14,"column":40}},"loc":{"start":{"line":14,"column":90},"end":{"line":17,"column":3}}},"3":{"name":"(anonymous_3)","decl":{"start":{"line":18,"column":25},"end":{"line":18,"column":30}},"loc":{"start":{"line":18,"column":110},"end":{"line":21,"column":3}}}},"branchMap":{"0":{"loc":{"start":{"line":12,"column":11},"end":{"line":12,"column":49}},"type":"cond-expr","locations":[{"start":{"line":12,"column":32},"end":{"line":12,"column":42}},{"start":{"line":12,"column":45},"end":{"line":12,"column":49}}]},"1":{"loc":{"start":{"line":16,"column":11},"end":{"line":16,"column":49}},"type":"cond-expr","locations":[{"start":{"line":16,"column":32},"end":{"line":16,"column":42}},{"start":{"line":16,"column":45},"end":{"line":16,"column":49}}]},"2":{"loc":{"start":{"line":20,"column":11},"end":{"line":20,"column":33}},"type":"binary-expr","locations":[{"start":{"line":20,"column":11},"end":{"line":20,"column":25}},{"start":{"line":20,"column":29},"end":{"line":20,"column":33}}]}},"s":{"0":8,"1":8,"2":8,"3":8,"4":2,"5":2,"6":8,"7":7,"8":7,"9":8,"10":3,"11":3,"12":8,"13":1,"14":1,"15":8},"f":{"0":2,"1":7,"2":3,"3":1},"b":{"0":[4,3],"1":[2,1],"2":[1,0]}}
,"/mnt/c/TheRest/teacher-api/src/models/Teacher.ts": {"path":"/mnt/c/TheRest/teacher-api/src/models/Teacher.ts","statementMap":{"0":{"start":{"line":1,"column":0},"end":{"line":1,"column":33}},"1":{"start":{"line":2,"column":0},"end":{"line":2,"column":58}},"2":{"start":{"line":3,"column":0},"end":{"line":3,"column":33}},"3":{"start":{"line":6,"column":22},"end":{"line":9,"column":3}},"4":{"start":{"line":7,"column":20},"end":{"line":7,"column":94}},"5":{"start":{"line":8,"column":4},"end":{"line":8,"column":50}},"6":{"start":{"line":5,"column":0},"end":{"line":5,"column":13}}},"fnMap":{"0":{"name":"(anonymous_0)","decl":{"start":{"line":6,"column":22},"end":{"line":6,"column":27}},"loc":{"start":{"line":6,"column":77},"end":{"line":9,"column":3}}}},"branchMap":{"0":{"loc":{"start":{"line":8,"column":11},"end":{"line":8,"column":49}},"type":"cond-expr","locations":[{"start":{"line":8,"column":32},"end":{"line":8,"column":42}},{"start":{"line":8,"column":45},"end":{"line":8,"column":49}}]}},"s":{"0":7,"1":7,"2":7,"3":11,"4":12,"5":10,"6":7},"f":{"0":12},"b":{"0":[7,3]}}
,"/mnt/c/TheRest/teacher-api/src/routes/registerRoutes.ts": {"path":"/mnt/c/TheRest/teacher-api/src/routes/registerRoutes.ts","statementMap":{"0":{"start":{"line":1,"column":0},"end":{"line":1,"column":30}},"1":{"start":{"line":2,"column":0},"end":{"line":2,"column":70}},"2":{"start":{"line":3,"column":0},"end":{"line":3,"column":78}},"3":{"start":{"line":4,"column":0},"end":{"line":4,"column":71}},"4":{"start":{"line":5,"column":0},"end":{"line":5,"column":73}},"5":{"start":{"line":6,"column":0},"end":{"line":6,"column":67}},"6":{"start":{"line":7,"column":0},"end":{"line":7,"column":95}},"7":{"start":{"line":9,"column":15},"end":{"line":9,"column":31}},"8":{"start":{"line":11,"column":23},"end":{"line":14,"column":2}},"9":{"start":{"line":16,"column":29},"end":{"line":18,"column":null}},"10":{"start":{"line":20,"column":27},"end":{"line":23,"column":null}},"11":{"start":{"line":25,"column":0},"end":{"line":25,"column":79}},"12":{"start":{"line":27,"column":0},"end":{"line":27,"column":114}},"13":{"start":{"line":29,"column":0},"end":{"line":29,"column":125}},"14":{"start":{"line":31,"column":0},"end":{"line":31,"column":22}}},"fnMap":{},"branchMap":{},"s":{"0":3,"1":3,"2":3,"3":3,"4":3,"5":3,"6":3,"7":3,"8":3,"9":3,"10":3,"11":3,"12":3,"13":3,"14":3},"f":{},"b":{}}
,"/mnt/c/TheRest/teacher-api/src/routes/studentRoutes.ts": {"path":"/mnt/c/TheRest/teacher-api/src/routes/studentRoutes.ts","statementMap":{"0":{"start":{"line":1,"column":0},"end":{"line":1,"column":30}},"1":{"start":{"line":2,"column":0},"end":{"line":2,"column":80}},"2":{"start":{"line":3,"column":0},"end":{"line":3,"column":71}},"3":{"start":{"line":5,"column":15},"end":{"line":5,"column":31}},"4":{"start":{"line":7,"column":20},"end":{"line":9,"column":2}},"5":{"start":{"line":11,"column":0},"end":{"line":11,"column":80}},"6":{"start":{"line":13,"column":0},"end":{"line":13,"column":22}}},"fnMap":{},"branchMap":{},"s":{"0":1,"1":1,"2":1,"3":1,"4":1,"5":1,"6":1},"f":{},"b":{}}
}
