TN:
SF:src/controllers/register/commonStudents.ts
FN:4,(anonymous_0)
FN:29,(anonymous_1)
FNF:2
FNH:2
FNDA:8,(anonymous_0)
FNDA:2,(anonymous_1)
DA:1,4
DA:2,4
DA:4,4
DA:5,8
DA:8,8
DA:9,1
DA:12,7
DA:13,7
DA:14,7
DA:16,7
DA:17,11
DA:18,9
DA:19,6
DA:23,5
DA:24,2
DA:27,3
DA:28,3
DA:29,3
DA:30,3
DA:31,1
DA:34,2
DA:36,2
DA:37,2
LF:23
LH:23
BRDA:8,0,0,1
BRDA:8,1,0,8
BRDA:8,1,1,7
BRDA:8,1,2,7
BRDA:18,2,0,6
BRDA:23,3,0,2
BRDA:30,4,0,1
BRF:7
BRH:7
end_of_record
TN:
SF:src/controllers/register/register.ts
FN:5,(anonymous_0)
FNF:1
FNH:1
FNDA:7,(anonymous_0)
DA:1,4
DA:2,4
DA:3,4
DA:5,4
DA:6,7
DA:8,7
DA:9,7
DA:10,7
DA:11,7
DA:13,7
DA:14,6
DA:15,2
DA:18,4
DA:20,4
DA:21,9
DA:22,9
DA:23,4
DA:25,9
DA:26,9
DA:28,3
DA:29,3
DA:30,3
DA:32,0
DA:37,4
DA:38,1
DA:41,3
DA:43,1
DA:44,1
LF:28
LH:27
BRDA:14,0,0,2
BRDA:22,1,0,4
BRDA:28,2,0,3
BRDA:28,2,1,0
BRDA:37,3,0,1
BRF:5
BRH:4
end_of_record
TN:
SF:src/controllers/register/retrieveForNotifications.ts
FN:5,(anonymous_0)
FN:38,(anonymous_1)
FN:39,(anonymous_2)
FNF:3
FNH:3
FNDA:11,(anonymous_0)
FNDA:5,(anonymous_1)
FNDA:4,(anonymous_2)
DA:1,4
DA:2,4
DA:3,4
DA:5,4
DA:6,11
DA:8,11
DA:9,1
DA:12,10
DA:13,10
DA:14,10
DA:16,8
DA:17,2
DA:20,6
DA:21,6
DA:23,6
DA:24,6
DA:25,6
DA:27,6
DA:28,7
DA:29,7
DA:30,4
DA:32,3
DA:36,6
DA:38,5
DA:39,4
DA:43,6
DA:44,2
DA:47,4
DA:48,2
DA:54,2
DA:56,2
DA:57,2
LF:32
LH:32
BRDA:6,0,0,0
BRDA:8,1,0,1
BRDA:16,2,0,2
BRDA:29,3,0,4
BRDA:29,3,1,3
BRDA:43,4,0,2
BRDA:47,5,0,2
BRDA:47,6,0,4
BRDA:47,6,1,2
BRF:9
BRH:8
end_of_record
TN:
SF:src/controllers/student/suspendStudent.ts
FN:3,(anonymous_0)
FNF:1
FNH:1
FNDA:5,(anonymous_0)
DA:1,2
DA:3,2
DA:4,5
DA:6,5
DA:7,0
DA:10,5
DA:11,5
DA:12,5
DA:14,4
DA:15,2
DA:18,2
DA:19,2
DA:21,1
DA:22,1
LF:14
LH:13
BRDA:6,0,0,0
BRDA:14,1,0,2
BRF:2
BRH:1
end_of_record
TN:
SF:src/db/db.ts
FNF:0
FNH:0
DA:1,16
DA:2,16
DA:3,16
DA:5,16
DA:7,16
DA:8,16
LF:6
LH:6
BRF:0
BRH:0
end_of_record
TN:
SF:src/db/schema.ts
FN:6,(anonymous_0)
FN:7,(anonymous_1)
FN:9,(anonymous_2)
FN:13,(anonymous_3)
FN:27,(anonymous_4)
FN:31,(anonymous_5)
FN:39,(anonymous_6)
FN:43,(anonymous_7)
FNF:8
FNH:0
FNDA:0,(anonymous_0)
FNDA:0,(anonymous_1)
FNDA:0,(anonymous_2)
FNDA:0,(anonymous_3)
FNDA:0,(anonymous_4)
FNDA:0,(anonymous_5)
FNDA:0,(anonymous_6)
FNDA:0,(anonymous_7)
DA:1,16
DA:2,16
DA:4,16
DA:6,0
DA:7,0
DA:9,0
DA:13,16
DA:24,16
DA:27,0
DA:31,16
DA:35,16
DA:39,0
DA:43,16
LF:13
LH:8
BRF:0
BRH:0
end_of_record
TN:
SF:src/middleware/convertToUniqueArray.ts
FN:1,(anonymous_0)
FNF:1
FNH:1
FNDA:7,(anonymous_0)
DA:1,4
DA:2,7
DA:3,4
DA:5,7
DA:6,7
DA:9,4
LF:6
LH:6
BRDA:2,0,0,4
BRF:1
BRH:1
end_of_record
TN:
SF:src/middleware/extractMentions.ts
FN:1,(anonymous_0)
FN:9,(anonymous_1)
FNF:2
FNH:2
FNDA:11,(anonymous_0)
FNDA:6,(anonymous_1)
DA:1,4
DA:2,11
DA:4,11
DA:5,2
DA:8,9
DA:9,9
DA:11,9
DA:13,9
LF:8
LH:8
BRDA:4,0,0,2
BRDA:9,1,0,9
BRDA:9,1,1,5
BRF:3
BRH:3
end_of_record
TN:
SF:src/middleware/validateEmailFormat.ts
FN:1,(anonymous_0)
FN:1,(anonymous_1)
FN:4,(anonymous_2)
FN:7,(anonymous_3)
FN:27,(anonymous_4)
FNF:5
FNH:5
FNDA:11,(anonymous_0)
FNDA:24,(anonymous_1)
FNDA:37,(anonymous_2)
FNDA:41,(anonymous_3)
FNDA:21,(anonymous_4)
DA:1,11
DA:2,24
DA:4,24
DA:5,37
DA:7,24
DA:8,41
DA:10,41
DA:11,4
DA:12,4
DA:15,37
DA:16,16
DA:17,0
DA:18,16
DA:19,3
DA:21,21
DA:22,21
DA:23,1
DA:24,20
DA:25,1
DA:27,19
DA:28,21
DA:29,3
DA:34,0
DA:38,24
DA:39,10
DA:41,14
DA:45,5
LF:27
LH:25
BRDA:8,0,0,41
BRDA:8,0,1,8
BRDA:10,1,0,4
BRDA:15,2,0,16
BRDA:15,2,1,21
BRDA:16,3,0,0
BRDA:16,3,1,16
BRDA:18,4,0,3
BRDA:21,5,0,21
BRDA:21,5,1,0
BRDA:22,6,0,1
BRDA:22,6,1,20
BRDA:24,7,0,1
BRDA:24,7,1,19
BRDA:24,8,0,20
BRDA:24,8,1,13
BRDA:28,9,0,3
BRDA:38,10,0,10
BRDA:38,10,1,14
BRF:19
BRH:17
end_of_record
TN:
SF:src/models/Register.ts
FN:6,(anonymous_0)
FN:11,(anonymous_1)
FN:23,(anonymous_2)
FN:33,(anonymous_3)
FN:34,(anonymous_4)
FN:39,(anonymous_5)
FN:45,(anonymous_6)
FNF:7
FNH:7
FNDA:5,(anonymous_0)
FNDA:1,(anonymous_1)
FNDA:4,(anonymous_2)
FNDA:3,(anonymous_3)
FNDA:1,(anonymous_4)
FNDA:3,(anonymous_5)
FNDA:4,(anonymous_6)
DA:1,7
DA:2,7
DA:3,7
DA:5,7
DA:6,7
DA:7,5
DA:8,2
DA:11,7
DA:12,1
DA:13,0
DA:16,1
DA:21,1
DA:23,1
DA:24,4
DA:25,4
DA:26,1
DA:28,3
DA:32,1
DA:33,3
DA:34,1
DA:36,1
DA:39,7
DA:40,3
DA:45,4
DA:47,3
LF:25
LH:24
BRDA:12,0,0,0
BRDA:25,1,0,1
BRDA:25,1,1,3
BRF:3
BRH:2
end_of_record
TN:
SF:src/models/Student.ts
FN:6,(anonymous_0)
FN:10,(anonymous_1)
FN:14,(anonymous_2)
FN:18,(anonymous_3)
FNF:4
FNH:4
FNDA:2,(anonymous_0)
FNDA:7,(anonymous_1)
FNDA:3,(anonymous_2)
FNDA:1,(anonymous_3)
DA:1,8
DA:2,8
DA:3,8
DA:5,8
DA:6,8
DA:7,2
DA:8,2
DA:10,8
DA:11,7
DA:12,7
DA:14,8
DA:15,3
DA:16,3
DA:18,8
DA:19,1
DA:20,1
LF:16
LH:16
BRDA:12,0,0,4
BRDA:12,0,1,3
BRDA:16,1,0,2
BRDA:16,1,1,1
BRDA:20,2,0,1
BRDA:20,2,1,0
BRF:6
BRH:5
end_of_record
TN:
SF:src/models/Teacher.ts
FN:6,(anonymous_0)
FNF:1
FNH:1
FNDA:12,(anonymous_0)
DA:1,7
DA:2,7
DA:3,7
DA:5,7
DA:6,11
DA:7,12
DA:8,10
LF:7
LH:7
BRDA:8,0,0,7
BRDA:8,0,1,3
BRF:2
BRH:2
end_of_record
TN:
SF:src/routes/registerRoutes.ts
FNF:0
FNH:0
DA:1,3
DA:2,3
DA:3,3
DA:4,3
DA:5,3
DA:6,3
DA:7,3
DA:9,3
DA:11,3
DA:16,3
DA:20,3
DA:25,3
DA:27,3
DA:29,3
DA:31,3
LF:15
LH:15
BRF:0
BRH:0
end_of_record
TN:
SF:src/routes/studentRoutes.ts
FNF:0
FNH:0
DA:1,1
DA:2,1
DA:3,1
DA:5,1
DA:7,1
DA:11,1
DA:13,1
LF:7
LH:7
BRF:0
BRH:0
end_of_record
